TN:
SF:src\modules\appointments\services\CreateAppointmentService.ts
FN:14,(anonymous_18)
FN:16,CreateAppointmentService
FN:21,(anonymous_20)
FNF:3
FNH:3
FNDA:1,(anonymous_18)
FNDA:5,CreateAppointmentService
FNDA:7,(anonymous_20)
DA:1,1
DA:2,1
DA:5,1
DA:14,1
DA:18,5
DA:21,7
DA:23,7
DA:25,7
DA:26,1
DA:28,6
DA:29,1
DA:31,5
DA:32,2
DA:34,3
DA:36,3
DA:37,1
DA:39,2
DA:42,2
DA:44,1
LF:19
LH:19
BRDA:25,0,0,1
BRDA:25,0,1,6
BRDA:28,1,0,1
BRDA:28,1,1,5
BRDA:31,2,0,2
BRDA:31,2,1,3
BRDA:31,3,0,5
BRDA:31,3,1,4
BRDA:36,4,0,1
BRDA:36,4,1,2
BRF:10
BRH:10
end_of_record
TN:
SF:src\modules\appointments\services\ListProviderAppointmentsService.ts
FN:17,(anonymous_17)
FN:18,ListProviderAppointmentsService
FN:23,(anonymous_19)
FNF:3
FNH:3
FNDA:1,(anonymous_17)
FNDA:1,ListProviderAppointmentsService
FNDA:1,(anonymous_19)
DA:1,1
DA:2,1
DA:17,1
DA:20,1
DA:23,1
DA:24,1
DA:31,1
DA:34,1
LF:8
LH:8
BRDA:24,0,0,1
BRF:1
BRH:1
end_of_record
TN:
SF:src\modules\appointments\services\ListProviderDayAvailabilityService.ts
FN:19,(anonymous_17)
FN:20,ListProviderDayAvailabilityService
FN:25,(anonymous_19)
FN:33,(anonymous_22)
FN:38,(anonymous_23)
FN:39,(anonymous_24)
FNF:6
FNH:6
FNDA:1,(anonymous_17)
FNDA:1,ListProviderDayAvailabilityService
FNDA:1,(anonymous_19)
FNDA:10,(anonymous_22)
FNDA:10,(anonymous_23)
FNDA:27,(anonymous_24)
DA:1,1
DA:2,1
DA:4,1
DA:19,1
DA:22,1
DA:25,1
DA:27,1
DA:29,1
DA:31,1
DA:33,10
DA:36,1
DA:38,1
DA:39,27
DA:41,10
DA:43,10
DA:49,1
DA:51,1
LF:17
LH:17
BRDA:27,0,0,1
BRDA:45,1,0,10
BRDA:45,1,1,7
BRF:3
BRH:3
end_of_record
TN:
SF:src\modules\appointments\services\ListProviderMonthAvailabilityService.ts
FN:18,(anonymous_17)
FN:19,ListProviderMonthAvailabilityService
FN:24,(anonymous_19)
FN:37,(anonymous_22)
FN:40,(anonymous_23)
FN:41,(anonymous_24)
FNF:6
FNH:6
FNDA:1,(anonymous_17)
FNDA:1,ListProviderMonthAvailabilityService
FNDA:1,(anonymous_19)
FNDA:31,(anonymous_22)
FNDA:31,(anonymous_23)
FNDA:341,(anonymous_24)
DA:1,1
DA:2,1
DA:3,1
DA:18,1
DA:21,1
DA:24,1
DA:27,1
DA:33,1
DA:35,1
DA:37,31
DA:40,1
DA:41,341
DA:43,31
DA:49,1
DA:51,1
LF:15
LH:15
BRDA:27,0,0,1
BRF:1
BRH:1
end_of_record
TN:
SF:src\modules\appointments\services\ListProvidersService.ts
FN:10,(anonymous_17)
FN:11,ListProvidersService
FN:16,(anonymous_19)
FNF:3
FNH:3
FNDA:1,(anonymous_17)
FNDA:1,ListProvidersService
FNDA:1,(anonymous_19)
DA:1,1
DA:10,1
DA:13,1
DA:16,1
DA:18,1
DA:20,1
DA:22,1
LF:7
LH:7
BRDA:18,0,0,1
BRF:1
BRH:1
end_of_record
TN:
SF:src\modules\users\services\AuthenticateUserService.ts
FN:21,(anonymous_18)
FN:23,AuthenticateUserService
FN:29,(anonymous_20)
FNF:3
FNH:3
FNDA:1,(anonymous_18)
FNDA:3,AuthenticateUserService
FNDA:3,(anonymous_20)
DA:2,1
DA:4,1
DA:5,1
DA:8,1
DA:21,1
DA:25,3
DA:27,3
DA:29,3
DA:31,3
DA:33,3
DA:34,3
DA:35,2
DA:38,1
DA:44,1
DA:50,1
LF:15
LH:15
BRDA:31,0,0,3
BRDA:33,1,0,2
BRDA:33,1,1,1
BRDA:33,2,0,3
BRDA:33,2,1,3
BRDA:33,3,0,1
BRDA:33,3,1,2
BRDA:33,4,0,3
BRDA:33,4,1,3
BRDA:34,5,0,2
BRDA:34,5,1,1
BRDA:34,6,0,3
BRDA:34,6,1,2
BRF:13
BRH:13
end_of_record
TN:
SF:src\modules\users\services\CreateUserService.ts
FN:16,(anonymous_18)
FN:18,CreateUserService
FN:24,(anonymous_20)
FNF:3
FNH:3
FNDA:2,(anonymous_18)
FNDA:5,CreateUserService
FNDA:5,(anonymous_20)
DA:3,2
DA:6,2
DA:16,2
DA:20,5
DA:22,5
DA:24,5
DA:26,5
DA:28,5
DA:29,1
DA:31,4
DA:33,4
DA:42,4
DA:44,2
LF:13
LH:13
BRDA:26,0,0,5
BRDA:28,1,0,1
BRDA:28,1,1,4
BRF:3
BRH:3
end_of_record
TN:
SF:src\modules\users\services\ResetPasswordService.ts
FN:14,(anonymous_18)
FN:16,ResetPasswordService
FN:27,(anonymous_20)
FNF:3
FNH:3
FNDA:1,(anonymous_18)
FNDA:4,ResetPasswordService
FNDA:4,(anonymous_20)
DA:1,1
DA:4,1
DA:6,1
DA:14,1
DA:18,4
DA:21,4
DA:24,4
DA:27,4
DA:29,4
DA:31,4
DA:32,1
DA:34,3
DA:36,3
DA:37,1
DA:39,2
DA:41,2
DA:42,1
DA:45,1
DA:47,2
DA:52,1
LF:20
LH:20
BRDA:29,0,0,4
BRDA:31,1,0,1
BRDA:31,1,1,3
BRDA:36,2,0,1
BRDA:36,2,1,2
BRDA:41,3,0,1
BRDA:41,3,1,1
BRF:7
BRH:7
end_of_record
TN:
SF:src\modules\users\services\SendForgotPasswordEmailService.ts
FN:18,(anonymous_18)
FN:20,SendForgotPasswordEmailService
FN:30,(anonymous_20)
FNF:3
FNH:3
FNDA:2,(anonymous_18)
FNDA:7,SendForgotPasswordEmailService
FNDA:3,(anonymous_20)
DA:2,2
DA:3,2
DA:6,2
DA:18,2
DA:22,7
DA:25,7
DA:28,7
DA:30,3
DA:32,3
DA:34,3
DA:35,1
DA:37,2
DA:38,2
DA:39,4
DA:55,2
LF:15
LH:15
BRDA:32,0,0,3
BRDA:34,1,0,1
BRDA:34,1,1,2
BRF:3
BRH:3
end_of_record
TN:
SF:src\modules\users\services\ShowProfileService.ts
FN:11,(anonymous_18)
FN:13,ShowProfileService
FN:18,(anonymous_20)
FNF:3
FNH:3
FNDA:1,(anonymous_18)
FNDA:2,ShowProfileService
FNDA:2,(anonymous_20)
DA:1,1
DA:2,1
DA:11,1
DA:15,2
DA:18,2
DA:19,2
DA:21,2
DA:22,1
DA:24,1
DA:25,1
DA:28,1
LF:11
LH:11
BRDA:19,0,0,2
BRDA:21,1,0,1
BRDA:21,1,1,1
BRF:3
BRH:3
end_of_record
TN:
SF:src\modules\users\services\UpdateProfileService.ts
FN:17,(anonymous_18)
FN:19,UpdateProfileService
FN:26,(anonymous_20)
FNF:3
FNH:3
FNDA:1,(anonymous_18)
FNDA:6,UpdateProfileService
FNDA:6,(anonymous_20)
DA:1,1
DA:2,1
DA:17,1
DA:21,6
DA:23,6
DA:26,6
DA:27,6
DA:29,6
DA:30,1
DA:32,5
DA:34,5
DA:35,1
DA:37,4
DA:38,1
DA:40,4
DA:41,2
DA:43,2
DA:44,1
DA:48,2
DA:49,2
DA:51,3
DA:52,1
DA:55,2
DA:58,1
LF:24
LH:24
BRDA:27,0,0,6
BRDA:27,0,1,2
BRDA:29,1,0,1
BRDA:29,1,1,5
BRDA:34,2,0,1
BRDA:34,2,1,4
BRDA:34,3,0,5
BRDA:34,3,1,1
BRDA:37,4,0,1
BRDA:37,4,1,3
BRDA:37,5,0,4
BRDA:37,5,1,3
BRDA:40,6,0,1
BRDA:40,6,1,2
BRDA:40,7,0,3
BRDA:40,7,1,2
BRDA:43,8,0,1
BRDA:43,8,1,1
BRDA:51,9,0,1
BRDA:51,9,1,1
BRF:20
BRH:20
end_of_record
TN:
SF:src\modules\users\services\UpdateUserAvatarService.ts
FN:16,(anonymous_18)
FN:18,UpdateUserAvatarService
FN:25,(anonymous_20)
FNF:3
FNH:3
FNDA:1,(anonymous_18)
FNDA:3,UpdateUserAvatarService
FNDA:4,(anonymous_20)
DA:4,1
DA:6,1
DA:16,1
DA:20,3
DA:22,3
DA:25,4
DA:27,4
DA:29,4
DA:30,1
DA:32,5
DA:33,2
DA:36,3
DA:38,3
DA:40,6
DA:42,3
DA:45,1
LF:16
LH:16
BRDA:27,0,0,4
BRDA:27,0,1,3
BRDA:29,1,0,1
BRDA:29,1,1,3
BRDA:32,2,0,2
BRDA:32,2,1,1
BRF:6
BRH:6
end_of_record
